{
  "stats": {
    "suites": 1,
    "tests": 5,
    "passes": 5,
    "pending": 0,
    "failures": 0,
    "start": "2024-08-09T13:15:28.604Z",
    "end": "2024-08-09T13:15:37.072Z",
    "duration": 8468,
    "testsRegistered": 5,
    "passPercent": 100,
    "pendingPercent": 0,
    "other": 0,
    "hasOther": false,
    "skipped": 0,
    "hasSkipped": false
  },
  "results": [
    {
      "uuid": "a3f34605-5f7b-422a-acbf-c601faa5d5bc",
      "title": "",
      "fullFile": "cypress\\e2e\\cypress_POM\\saucedemoLoginPOM.cy.js",
      "file": "cypress\\e2e\\cypress_POM\\saucedemoLoginPOM.cy.js",
      "beforeHooks": [],
      "afterHooks": [],
      "tests": [],
      "suites": [
        {
          "uuid": "a6c70bb2-d16c-4e8b-86ac-ee9c09de2479",
          "title": "Filling of Login form",
          "fullFile": "",
          "file": "",
          "beforeHooks": [],
          "afterHooks": [],
          "tests": [
            {
              "title": "Successful login",
              "fullTitle": "Filling of Login form Successful login",
              "timedOut": null,
              "duration": 2221,
              "state": "passed",
              "speed": "fast",
              "pass": true,
              "fail": false,
              "pending": false,
              "context": null,
              "code": "_LoginPage.default.typeUsername(Cypress.env(\"USER_NAME\")).typePassword(Cypress.env(\"USER_PASSWORD\")).clickLoginButton();\ncy.get('[data-test=\"title\"]').should(\"have.text\", \"Products\");\ncy.url().should(\"include\", \"saucedemo.com\");",
              "err": {},
              "uuid": "70f793a6-d633-461a-abe9-472249b6e42f",
              "parentUUID": "a6c70bb2-d16c-4e8b-86ac-ee9c09de2479",
              "isHook": false,
              "skipped": false
            },
            {
              "title": "Log In with incorrect password",
              "fullTitle": "Filling of Login form Log In with incorrect password",
              "timedOut": null,
              "duration": 1387,
              "state": "passed",
              "speed": "fast",
              "pass": true,
              "fail": false,
              "pending": false,
              "context": null,
              "code": "_LoginPage.default.typeUsername(Cypress.env(\"USER_NAME\")).typePassword(\"example\").clickLoginButton();\n_LoginPage.default.verifyError(\"Epic sadface: Username and password do not match any user in this service\");",
              "err": {},
              "uuid": "1e9ebb61-d999-408f-81c8-695b3897050c",
              "parentUUID": "a6c70bb2-d16c-4e8b-86ac-ee9c09de2479",
              "isHook": false,
              "skipped": false
            },
            {
              "title": "Log In with incorrect username",
              "fullTitle": "Filling of Login form Log In with incorrect username",
              "timedOut": null,
              "duration": 905,
              "state": "passed",
              "speed": "fast",
              "pass": true,
              "fail": false,
              "pending": false,
              "context": null,
              "code": "_LoginPage.default.typeUsername(\"_user\").typePassword(Cypress.env(\"USER_NAME\")).clickLoginButton();\n_LoginPage.default.verifyError(\"Epic sadface: Username and password do not match any user in this service\");",
              "err": {},
              "uuid": "19ecf711-fc94-497d-aa0a-6d538d35aee5",
              "parentUUID": "a6c70bb2-d16c-4e8b-86ac-ee9c09de2479",
              "isHook": false,
              "skipped": false
            },
            {
              "title": "Log In with blank username",
              "fullTitle": "Filling of Login form Log In with blank username",
              "timedOut": null,
              "duration": 605,
              "state": "passed",
              "speed": "fast",
              "pass": true,
              "fail": false,
              "pending": false,
              "context": null,
              "code": "_LoginPage.default.typePassword(Cypress.env(\"USER_PASSWORD\")).clickLoginButton();\n_LoginPage.default.verifyError(\"Epic sadface: Username is required\");",
              "err": {},
              "uuid": "249e7544-5049-4d62-9b81-b6c4f8fe8dfd",
              "parentUUID": "a6c70bb2-d16c-4e8b-86ac-ee9c09de2479",
              "isHook": false,
              "skipped": false
            },
            {
              "title": "Log In with blank password",
              "fullTitle": "Filling of Login form Log In with blank password",
              "timedOut": null,
              "duration": 639,
              "state": "passed",
              "speed": "fast",
              "pass": true,
              "fail": false,
              "pending": false,
              "context": null,
              "code": "_LoginPage.default.typeUsername(Cypress.env(\"USER_NAME\")).clickLoginButton();\n_LoginPage.default.verifyError(\"Epic sadface: Password is required\");",
              "err": {},
              "uuid": "ae5b3de8-472a-46b0-9e5c-dee83e7c2729",
              "parentUUID": "a6c70bb2-d16c-4e8b-86ac-ee9c09de2479",
              "isHook": false,
              "skipped": false
            }
          ],
          "suites": [],
          "passes": [
            "70f793a6-d633-461a-abe9-472249b6e42f",
            "1e9ebb61-d999-408f-81c8-695b3897050c",
            "19ecf711-fc94-497d-aa0a-6d538d35aee5",
            "249e7544-5049-4d62-9b81-b6c4f8fe8dfd",
            "ae5b3de8-472a-46b0-9e5c-dee83e7c2729"
          ],
          "failures": [],
          "pending": [],
          "skipped": [],
          "duration": 5757,
          "root": false,
          "rootEmpty": false,
          "_timeout": 2000
        }
      ],
      "passes": [],
      "failures": [],
      "pending": [],
      "skipped": [],
      "duration": 0,
      "root": true,
      "rootEmpty": true,
      "_timeout": 2000
    }
  ],
  "meta": {
    "mocha": {
      "version": "7.0.1"
    },
    "mochawesome": {
      "options": {
        "quiet": false,
        "reportFilename": "mochawesome",
        "saveHtml": false,
        "saveJson": true,
        "consoleReporter": "spec",
        "useInlineDiffs": false,
        "code": true
      },
      "version": "7.1.3"
    },
    "marge": {
      "options": {
        "overwrite": false,
        "html": false,
        "json": true,
        "reportDir": "cypress\\reports\\html\\.jsons"
      },
      "version": "6.2.0"
    }
  }
}