{
  "stats": {
    "suites": 1,
    "tests": 3,
    "passes": 3,
    "pending": 0,
    "failures": 0,
    "start": "2024-08-09T13:08:42.707Z",
    "end": "2024-08-09T13:08:51.142Z",
    "duration": 8435,
    "testsRegistered": 3,
    "passPercent": 100,
    "pendingPercent": 0,
    "other": 0,
    "hasOther": false,
    "skipped": 0,
    "hasSkipped": false
  },
  "results": [
    {
      "uuid": "daf06ed7-8d3d-494a-bca3-d7a730a692da",
      "title": "",
      "fullFile": "cypress\\e2e\\cypress_POM\\saucedemoItemPOM.cy.js",
      "file": "cypress\\e2e\\cypress_POM\\saucedemoItemPOM.cy.js",
      "beforeHooks": [],
      "afterHooks": [],
      "tests": [],
      "suites": [
        {
          "uuid": "b68adf5f-25dd-4688-aeff-fafd31681f5a",
          "title": "Actions on Item Page",
          "fullFile": "",
          "file": "",
          "beforeHooks": [],
          "afterHooks": [],
          "tests": [
            {
              "title": "Assertions that the elements of the Item exist",
              "fullTitle": "Actions on Item Page Assertions that the elements of the Item exist",
              "timedOut": null,
              "duration": 2690,
              "state": "passed",
              "speed": "fast",
              "pass": true,
              "fail": false,
              "pending": false,
              "context": null,
              "code": "_InventoryPage.default.labsBackpackClick();\n_ItemPage.default.ifElementsOfItemExist();",
              "err": {},
              "uuid": "68564b49-866c-4184-8b03-59f85e85e47c",
              "parentUUID": "b68adf5f-25dd-4688-aeff-fafd31681f5a",
              "isHook": false,
              "skipped": false
            },
            {
              "title": "Assertion that the 'Remove' button exists after adding the Item to the Cart",
              "fullTitle": "Actions on Item Page Assertion that the 'Remove' button exists after adding the Item to the Cart",
              "timedOut": null,
              "duration": 1728,
              "state": "passed",
              "speed": "fast",
              "pass": true,
              "fail": false,
              "pending": false,
              "context": null,
              "code": "_InventoryPage.default.labsBackpackClick();\n_ItemPage.default.ifRemoveButtonExist();",
              "err": {},
              "uuid": "35783695-7b57-4073-8e3d-dafaa8b5f247",
              "parentUUID": "b68adf5f-25dd-4688-aeff-fafd31681f5a",
              "isHook": false,
              "skipped": false
            },
            {
              "title": "Assertion that the 'Add to Cart' button exists after clicking on the 'Remove' button",
              "fullTitle": "Actions on Item Page Assertion that the 'Add to Cart' button exists after clicking on the 'Remove' button",
              "timedOut": null,
              "duration": 1350,
              "state": "passed",
              "speed": "fast",
              "pass": true,
              "fail": false,
              "pending": false,
              "context": null,
              "code": "_InventoryPage.default.labsBackpackClick();\n_ItemPage.default.ifRemoveButtonExist();\n_ItemPage.default.ifAddToCartButtonExist();",
              "err": {},
              "uuid": "b25ef558-83c8-46e3-920a-63220b141e65",
              "parentUUID": "b68adf5f-25dd-4688-aeff-fafd31681f5a",
              "isHook": false,
              "skipped": false
            }
          ],
          "suites": [],
          "passes": [
            "68564b49-866c-4184-8b03-59f85e85e47c",
            "35783695-7b57-4073-8e3d-dafaa8b5f247",
            "b25ef558-83c8-46e3-920a-63220b141e65"
          ],
          "failures": [],
          "pending": [],
          "skipped": [],
          "duration": 5768,
          "root": false,
          "rootEmpty": false,
          "_timeout": 2000
        }
      ],
      "passes": [],
      "failures": [],
      "pending": [],
      "skipped": [],
      "duration": 0,
      "root": true,
      "rootEmpty": true,
      "_timeout": 2000
    }
  ],
  "meta": {
    "mocha": {
      "version": "7.0.1"
    },
    "mochawesome": {
      "options": {
        "quiet": false,
        "reportFilename": "mochawesome",
        "saveHtml": false,
        "saveJson": true,
        "consoleReporter": "spec",
        "useInlineDiffs": false,
        "code": true
      },
      "version": "7.1.3"
    },
    "marge": {
      "options": {
        "overwrite": false,
        "html": false,
        "json": true,
        "reportDir": "cypress\\reports\\html\\.jsons"
      },
      "version": "6.2.0"
    }
  }
}