{
  "stats": {
    "suites": 1,
    "tests": 5,
    "passes": 5,
    "pending": 0,
    "failures": 0,
    "start": "2024-08-09T13:08:53.711Z",
    "end": "2024-08-09T13:09:02.179Z",
    "duration": 8468,
    "testsRegistered": 5,
    "passPercent": 100,
    "pendingPercent": 0,
    "other": 0,
    "hasOther": false,
    "skipped": 0,
    "hasSkipped": false
  },
  "results": [
    {
      "uuid": "2384d952-8148-4203-b9a5-322d57e7ec00",
      "title": "",
      "fullFile": "cypress\\e2e\\cypress_POM\\saucedemoLoginPOM.cy.js",
      "file": "cypress\\e2e\\cypress_POM\\saucedemoLoginPOM.cy.js",
      "beforeHooks": [],
      "afterHooks": [],
      "tests": [],
      "suites": [
        {
          "uuid": "89080443-235c-44ca-ad18-a4bb51d0d2f6",
          "title": "Filling of Login form",
          "fullFile": "",
          "file": "",
          "beforeHooks": [],
          "afterHooks": [],
          "tests": [
            {
              "title": "Successful login",
              "fullTitle": "Filling of Login form Successful login",
              "timedOut": null,
              "duration": 2538,
              "state": "passed",
              "speed": "fast",
              "pass": true,
              "fail": false,
              "pending": false,
              "context": null,
              "code": "_LoginPage.default.typeUsername(Cypress.env(\"USER_NAME\")).typePassword(Cypress.env(\"USER_PASSWORD\")).clickLoginButton();\ncy.get('[data-test=\"title\"]').should(\"have.text\", \"Products\");\ncy.url().should(\"include\", \"saucedemo.com\");",
              "err": {},
              "uuid": "3ff3a3ff-d960-4280-ab2d-ebf3f56a1db3",
              "parentUUID": "89080443-235c-44ca-ad18-a4bb51d0d2f6",
              "isHook": false,
              "skipped": false
            },
            {
              "title": "Log In with incorrect password",
              "fullTitle": "Filling of Login form Log In with incorrect password",
              "timedOut": null,
              "duration": 1412,
              "state": "passed",
              "speed": "fast",
              "pass": true,
              "fail": false,
              "pending": false,
              "context": null,
              "code": "_LoginPage.default.typeUsername(Cypress.env(\"USER_NAME\")).typePassword(\"example\").clickLoginButton();\n_LoginPage.default.verifyError(\"Epic sadface: Username and password do not match any user in this service\");",
              "err": {},
              "uuid": "0bc4cbe5-7cfa-4251-a271-d2cd2490eb6c",
              "parentUUID": "89080443-235c-44ca-ad18-a4bb51d0d2f6",
              "isHook": false,
              "skipped": false
            },
            {
              "title": "Log In with incorrect username",
              "fullTitle": "Filling of Login form Log In with incorrect username",
              "timedOut": null,
              "duration": 888,
              "state": "passed",
              "speed": "fast",
              "pass": true,
              "fail": false,
              "pending": false,
              "context": null,
              "code": "_LoginPage.default.typeUsername(\"_user\").typePassword(Cypress.env(\"USER_NAME\")).clickLoginButton();\n_LoginPage.default.verifyError(\"Epic sadface: Username and password do not match any user in this service\");",
              "err": {},
              "uuid": "b51f1db3-9613-4cf4-83b1-9c6ac1f5b9f3",
              "parentUUID": "89080443-235c-44ca-ad18-a4bb51d0d2f6",
              "isHook": false,
              "skipped": false
            },
            {
              "title": "Log In with blank username",
              "fullTitle": "Filling of Login form Log In with blank username",
              "timedOut": null,
              "duration": 623,
              "state": "passed",
              "speed": "fast",
              "pass": true,
              "fail": false,
              "pending": false,
              "context": null,
              "code": "_LoginPage.default.typePassword(Cypress.env(\"USER_PASSWORD\")).clickLoginButton();\n_LoginPage.default.verifyError(\"Epic sadface: Username is required\");",
              "err": {},
              "uuid": "2fb75541-b9d2-4d77-a78a-2d50a5af567a",
              "parentUUID": "89080443-235c-44ca-ad18-a4bb51d0d2f6",
              "isHook": false,
              "skipped": false
            },
            {
              "title": "Log In with blank password",
              "fullTitle": "Filling of Login form Log In with blank password",
              "timedOut": null,
              "duration": 610,
              "state": "passed",
              "speed": "fast",
              "pass": true,
              "fail": false,
              "pending": false,
              "context": null,
              "code": "_LoginPage.default.typeUsername(Cypress.env(\"USER_NAME\")).clickLoginButton();\n_LoginPage.default.verifyError(\"Epic sadface: Password is required\");",
              "err": {},
              "uuid": "4e7c73d5-cb22-4908-a2f4-e26e56ebd88d",
              "parentUUID": "89080443-235c-44ca-ad18-a4bb51d0d2f6",
              "isHook": false,
              "skipped": false
            }
          ],
          "suites": [],
          "passes": [
            "3ff3a3ff-d960-4280-ab2d-ebf3f56a1db3",
            "0bc4cbe5-7cfa-4251-a271-d2cd2490eb6c",
            "b51f1db3-9613-4cf4-83b1-9c6ac1f5b9f3",
            "2fb75541-b9d2-4d77-a78a-2d50a5af567a",
            "4e7c73d5-cb22-4908-a2f4-e26e56ebd88d"
          ],
          "failures": [],
          "pending": [],
          "skipped": [],
          "duration": 6071,
          "root": false,
          "rootEmpty": false,
          "_timeout": 2000
        }
      ],
      "passes": [],
      "failures": [],
      "pending": [],
      "skipped": [],
      "duration": 0,
      "root": true,
      "rootEmpty": true,
      "_timeout": 2000
    }
  ],
  "meta": {
    "mocha": {
      "version": "7.0.1"
    },
    "mochawesome": {
      "options": {
        "quiet": false,
        "reportFilename": "mochawesome",
        "saveHtml": false,
        "saveJson": true,
        "consoleReporter": "spec",
        "useInlineDiffs": false,
        "code": true
      },
      "version": "7.1.3"
    },
    "marge": {
      "options": {
        "overwrite": false,
        "html": false,
        "json": true,
        "reportDir": "cypress\\reports\\html\\.jsons"
      },
      "version": "6.2.0"
    }
  }
}