{
  "stats": {
    "suites": 1,
    "tests": 5,
    "passes": 5,
    "pending": 0,
    "failures": 0,
    "start": "2024-08-09T13:19:35.748Z",
    "end": "2024-08-09T13:19:44.241Z",
    "duration": 8493,
    "testsRegistered": 5,
    "passPercent": 100,
    "pendingPercent": 0,
    "other": 0,
    "hasOther": false,
    "skipped": 0,
    "hasSkipped": false
  },
  "results": [
    {
      "uuid": "4aeae237-3fca-4062-af68-8f80ea438546",
      "title": "",
      "fullFile": "cypress\\e2e\\cypress_POM\\saucedemoLoginPOM.cy.js",
      "file": "cypress\\e2e\\cypress_POM\\saucedemoLoginPOM.cy.js",
      "beforeHooks": [],
      "afterHooks": [],
      "tests": [],
      "suites": [
        {
          "uuid": "070edd3c-add3-4f0d-87b5-9ca45d7bf1bd",
          "title": "Filling of Login form",
          "fullFile": "",
          "file": "",
          "beforeHooks": [],
          "afterHooks": [],
          "tests": [
            {
              "title": "Successful login",
              "fullTitle": "Filling of Login form Successful login",
              "timedOut": null,
              "duration": 2518,
              "state": "passed",
              "speed": "fast",
              "pass": true,
              "fail": false,
              "pending": false,
              "context": null,
              "code": "_LoginPage.default.typeUsername(Cypress.env(\"USER_NAME\")).typePassword(Cypress.env(\"USER_PASSWORD\")).clickLoginButton();\ncy.get('[data-test=\"title\"]').should(\"have.text\", \"Products\");\ncy.url().should(\"include\", \"saucedemo.com\");",
              "err": {},
              "uuid": "2791ed60-201f-4bbe-9e4e-6b7f2d09b62a",
              "parentUUID": "070edd3c-add3-4f0d-87b5-9ca45d7bf1bd",
              "isHook": false,
              "skipped": false
            },
            {
              "title": "Log In with incorrect password",
              "fullTitle": "Filling of Login form Log In with incorrect password",
              "timedOut": null,
              "duration": 1283,
              "state": "passed",
              "speed": "fast",
              "pass": true,
              "fail": false,
              "pending": false,
              "context": null,
              "code": "_LoginPage.default.typeUsername(Cypress.env(\"USER_NAME\")).typePassword(\"example\").clickLoginButton();\n_LoginPage.default.verifyError(\"Epic sadface: Username and password do not match any user in this service\");",
              "err": {},
              "uuid": "9e769f4d-3346-4250-8166-5d7f48c21ecb",
              "parentUUID": "070edd3c-add3-4f0d-87b5-9ca45d7bf1bd",
              "isHook": false,
              "skipped": false
            },
            {
              "title": "Log In with incorrect username",
              "fullTitle": "Filling of Login form Log In with incorrect username",
              "timedOut": null,
              "duration": 875,
              "state": "passed",
              "speed": "fast",
              "pass": true,
              "fail": false,
              "pending": false,
              "context": null,
              "code": "_LoginPage.default.typeUsername(\"_user\").typePassword(Cypress.env(\"USER_NAME\")).clickLoginButton();\n_LoginPage.default.verifyError(\"Epic sadface: Username and password do not match any user in this service\");",
              "err": {},
              "uuid": "b0f1eee0-6bcc-4cc5-ad61-cbb8bf4bad35",
              "parentUUID": "070edd3c-add3-4f0d-87b5-9ca45d7bf1bd",
              "isHook": false,
              "skipped": false
            },
            {
              "title": "Log In with blank username",
              "fullTitle": "Filling of Login form Log In with blank username",
              "timedOut": null,
              "duration": 591,
              "state": "passed",
              "speed": "fast",
              "pass": true,
              "fail": false,
              "pending": false,
              "context": null,
              "code": "_LoginPage.default.typePassword(Cypress.env(\"USER_PASSWORD\")).clickLoginButton();\n_LoginPage.default.verifyError(\"Epic sadface: Username is required\");",
              "err": {},
              "uuid": "6a11e703-bf35-4435-a77c-358fed10dee7",
              "parentUUID": "070edd3c-add3-4f0d-87b5-9ca45d7bf1bd",
              "isHook": false,
              "skipped": false
            },
            {
              "title": "Log In with blank password",
              "fullTitle": "Filling of Login form Log In with blank password",
              "timedOut": null,
              "duration": 593,
              "state": "passed",
              "speed": "fast",
              "pass": true,
              "fail": false,
              "pending": false,
              "context": null,
              "code": "_LoginPage.default.typeUsername(Cypress.env(\"USER_NAME\")).clickLoginButton();\n_LoginPage.default.verifyError(\"Epic sadface: Password is required\");",
              "err": {},
              "uuid": "5f752384-a8b4-4f5f-8264-e60294dc6001",
              "parentUUID": "070edd3c-add3-4f0d-87b5-9ca45d7bf1bd",
              "isHook": false,
              "skipped": false
            }
          ],
          "suites": [],
          "passes": [
            "2791ed60-201f-4bbe-9e4e-6b7f2d09b62a",
            "9e769f4d-3346-4250-8166-5d7f48c21ecb",
            "b0f1eee0-6bcc-4cc5-ad61-cbb8bf4bad35",
            "6a11e703-bf35-4435-a77c-358fed10dee7",
            "5f752384-a8b4-4f5f-8264-e60294dc6001"
          ],
          "failures": [],
          "pending": [],
          "skipped": [],
          "duration": 5860,
          "root": false,
          "rootEmpty": false,
          "_timeout": 2000
        }
      ],
      "passes": [],
      "failures": [],
      "pending": [],
      "skipped": [],
      "duration": 0,
      "root": true,
      "rootEmpty": true,
      "_timeout": 2000
    }
  ],
  "meta": {
    "mocha": {
      "version": "7.0.1"
    },
    "mochawesome": {
      "options": {
        "quiet": false,
        "reportFilename": "mochawesome",
        "saveHtml": false,
        "saveJson": true,
        "consoleReporter": "spec",
        "useInlineDiffs": false,
        "code": true
      },
      "version": "7.1.3"
    },
    "marge": {
      "options": {
        "overwrite": false,
        "html": false,
        "json": true,
        "reportDir": "cypress\\reports\\html\\.jsons"
      },
      "version": "6.2.0"
    }
  }
}